<?xml version="1.0" encoding="UTF-8"?>
<!-- Generated by org.testng.reporters.JUnitReportReporter -->
<testsuite hostname="DESKTOP-DKKTGL1" failures="0" tests="1" name="test.day1" time="0.010" errors="0" timestamp="2023-01-26T15:15:55 IST" skipped="0">
  <testcase classname="test.day1" name="Demo" time="0.010"/>
  <system-out/>
</testsuite> <!-- test.day1 -->
